  003circle.cpp
  002new运算符的使用.cpp
  003point.cpp
  007使用初始化列表来初始化属性.cpp
  001堆栈.cpp
  003封装案例-点和圆的关系.cpp
  005拷贝构造函数的调用时机.cpp
  004构造函数的分类的调用.cpp
  006深拷贝和浅拷贝（面试重点）.cpp
  008类对象作为类成员.cpp
  009静态成员变量.cpp
  010静态成员函数.cpp
  011成员变量和成员函数分开存储.cpp
  013空指针调用成员函数.cpp
  012this指针的使用.cpp
  014常函数和常对象.cpp
C:\Users\Administrator\source\repos\c++核心编程学习\c++学习（2）\014常函数和常对象.cpp(34,15): warning C4269: “p”: 用编译器生成的默认构造函数初始化的“const”自动数据产生不可靠的结果
  015友元-全局函数.cpp
  016友元-类.cpp
  017友元-成员函数.cpp
  018加号运算符重载.cpp
  正在生成代码...
  正在编译...
  019左移运算符重载.cpp
  020递增运算符重载.cpp
  021赋值运算符.cpp
  022关系运算符重载.cpp
  023函数调用运算符重载.cpp
  024继承的基本语法.cpp
  025继承方式.cpp
C:\Users\Administrator\source\repos\c++核心编程学习\c++学习（2）\025继承方式.cpp(36,3): error C2248: “base::C”: 无法访问 private 成员(在“base”类中声明)
C:\Users\Administrator\source\repos\c++核心编程学习\c++学习（2）\025继承方式.cpp(13,6): message : 参见“base::C”的声明
C:\Users\Administrator\source\repos\c++核心编程学习\c++学习（2）\025继承方式.cpp(6,7): message : 参见“base”的声明
  026继承中的对象模型.cpp
  027继承中的构造和析构顺序.cpp
  028继承中的同名成员处理.cpp
  029继承中的同名静态成员处理.cpp
  030多继承语法.cpp
  031菱形继承.cpp
  032多态—基本概念.cpp
  正在生成代码...
